1
 
 
 
 
                      Warning: This computer program is protected by copyright law and international treaties.       
                  Unauthorized use, reproduction or distribution of this computer program, or any portion of it, may 
                                          result in severe civil and criminal penalties.                             
                         Copyright (C) 2018 MSC Software Corporation and its licensors. All rights reserved.         
 
 
                                              * * * * * * * * * * * * * * * * * * * *
                                              * * * * * * * * * * * * * * * * * * * *
                                              * *                                 * *
                                              * *           MSC Software          * *
                                              * *               CORP              * *
                                              * *                                 * *
                                              * *      M S C   N a s t r a n      * *
                                              * *                                 * *
                                              * *                                 * *
                                              * *                                 * *
                                              * *     Version 2019.0.0-CL621679   * *
                                              * *                                 * *
                                              * *                                 * *
                                              * *                                 * *
                                              * *          DEC 18, 2018           * *
                                              * *                                 * *
                                              * *              Intel              * *
                                              * *  MODEL Xeon/2167 (EPSW10v3079)  * *
                                              * *  Windows 10 Education 6.2 9200  * *
                                              * * Compiled for 8664 (SINGLE Mode) * *
                                              * *                                 * *
                                              * * * * * * * * * * * * * * * * * * * *
                                              * * * * * * * * * * * * * * * * * * * *
1News file - (November 7, 2018)
  
               Welcome to MSC Nastran 2019.0
  
  
   MSC Nastran brings powerful new features and enhancements for engineering
   solutions.
  
     Dynamics
     -  RFORCE and GRAV loads can now be optionally applied to a subset of
        the model
  
     SOL 128 (Nonlinear Harmonics) Rotordynamics Enhancements
     -  Option to reset initial conditions
     -  Nonlinear load output
     -  Output for multiple harmonics
     -  Support for continuation procedure for frequency-independent analysis
  
     Pyramid Element
     -  The linear and quadratic pyramid element is available in linear
        solutions: statics, modes, buckling, frequency and transient dynamics,
        linear contact, acoustics, fatigue, rotordynamics, aeroelasticity and
        design optimization
     -  The element is also available in SOL 400 for linear, nlstatics,
        nltransient and linear perturbation solutions
  
     Assembly
     -  Module Instantiation:  Allow copy of a primary Module to create
        a secondary Module at a new position by translation, rotation and mirror
  
     Contact
     -  Support geometry adjustment of initial stress free in S2S Contact
     -  Support model check output in S2S Contact
     -  Allow user input minimum angle between segments on BCPARA
  
     SOL 400 Implicit Nonlinear Analysis
     -  Support Automatic SGLUE setup for permanent glued contact with large
        deformation
     -  Reduce the debug output when using "NLOPRM NLDBG(N3DSUM)"
     -  Support MONPNT1, MONPNT3, MONSUM, MONSUM1, and MONSUMT in NLSTAT
        and NLTRAN
  
     SOL 700 Explicit Nonlinear Analysis
     -  Support failure of ACS surface and DMP of ACS algorithm
     -  Support Occupant Safety, including Articulated Total Body (ATB),
        Initial Metric Method (IMM) and Air bag fabric material model (MATFAB)
     -  Support Viscoelastic Material (MATVE), Localized Cohesive friction, and
        User Defined Services (UDS)
  
     High Performance Computing (HPC)
1    -  Improved performance and scalability of acoustic coupling reduction
        with ACMS for large models
     -  Improved performance for ACMS Phase 1 for large solid models
     -  Improved performance (up to 10X) in the RANDOM module
     -  New DMP implementation for Panel Participation factor calculation
        (PFCALC) with linear parallel scaling
     -  Performance enhancements for FASTFR through shared-memory
        parallelization (SMP) of frequency processing
  
  
     Results HDF5 Database
     -  Support outputs of Aerodynamic solution SOL144, 145 and 146 results
     -  Support Modal effective  mass, Modules,  Contact Check and
        Global contact body data
     -  Support Bar/Beam end loads under the shear stress effect of 2D elements
  
  
     Documentation
     The complete documentation set is provided in a separate installer and
     when installed is available at: MSC_DOC_DIR/doc/pdf_nastran directory.
     Where MSC_DOC_DIR is the directory where documentation was installed
     This help set has cross references between documents, links to how-to
     videos, and example files.
  
     Individual MSC Nastran documents are available for download from the
       Simcompanion Website at:
       http://simcompanion.mscsoftware.com/
  
     These documents were updated for the MSC Nastran 2019 Release
  
         1.  MSC Nastran 2019.0 Installation and Operations Guide
         2.  MSC Nastran 2019.0 Quick Reference Guide
         3.  MSC Nastran 2019.0 Release Guide
         4.  MSC Nastran 2019.0 Linear Statics Analysis User's Guide
         5.  MSC Nastran 2019.0 Dynamic Analysis User's Guide
         6.  MSC Nastran 2019.0 Superelements User's Guide
         7.  MSC Nastran 2019.0 Rotordynamics User's Guide
         8.  MSC Nastran 2019.0 Demonstration Problems Manual
         9.  MSC Nastran 2019.0 Nastran Embedded Fatigue User's Guide
        10.  MSC Nastran 2019.0 Design Sensitivity and Optimization
        11.  MSC Nastran 2019.0 Nonlinear User's Guide SOL 400
        12.  MSC Nastran 2019.0 DMAP Programmer's Guide
        13.  MSC Nastran 2019.0 High Performance Computing User's Guide
        14.  MSC Nastran 2019.0 DEMATD Guide
        15.  MSC Nastran 2019.0 Explicit Nonlinear (SOL 700) User's Guide
  
   Please refer to  MSC_DOC_DIR/doc/pdf_nastran/nastran_library.pdf
   for the complete document set:
  
  
1  Additional information about the release can be found at the MSC Nastran
   Product Support page: http://simcompanion.mscsoftware.com
  
   The support page provides links to these valuable information:
      * A searchable Knowledge Base containing examples and answers to thousands
        of frequently asked questions written by MSC Software subject-matter
        experts.
      * Peer-to-peer Discussion Forums enabling you to post questions for your
        MSC Software products and receive answers from other users worldwide.
      * A list of known issues with the product and any workarounds.
      * Instructions on how to contact technical support
      * A mechanism for sending us product feedback or enhancement requests.
      * Hardware and software requirements.
      * Examples and Tutorials
      * and much more.
  
   For information on training, please visit our Training web site
  
      http://www.mscsoftware.com/Contents/Services/Training/
  
1                                                                             MARCH  16, 2024  MSC Nastran 12/18/18   PAGE     1
                                                                                                                                    
0        N A S T R A N    F I L E    A N D    S Y S T E M    P A R A M E T E R    E C H O                                           
0                                                                                                                                   
                                                                                                                                    
                                                                                                                                    
     $ SYSFIELD=SCR*(RAW=YES,BUFFIO=YES,WNUM=16,WSIZE=16MB) $(C:/MSC.SOFTWARE/MSC_NAS
     $ SYSFIELD=DBALL(RAW=YES,BUFFIO=YES,WNUM=16,WSIZE=16MB) $(C:/MSC.SOFTWARE/MSC_NA
     NASTRAN BUFFSIZE=32769 $(C:/MSC.SOFTWARE/MSC_NASTRAN/20190/CONF/NAST20190.RCF[6]
     $ ======================================================================        
     $                     GTAV2 MODEL - FULL AIRCRAFT                               
     $                                                                               
     $                       SOL 103 - MODAL ANALYSIS                                
     $ ======================================================================        
     $                                                                               
     $ ------------------   EXECUTIVE CONTROL DECK   ------------------------        
     $                                                                               
1                                                                             MARCH  16, 2024  MSC Nastran 12/18/18   PAGE     2
                                                                                                                                    
0        N A S T R A N    E X E C U T I V E    C O N T R O L    E C H O                                                             
0                                                                                                                                   
                                                                                                                                    
                                                                                                                                    
     ID                  GTAV2 MODEL                                                         
     SOL                 103                                                                 
     TIME                5000                                                                
     CEND                                                                                    
1    GTAV2 / SYMMETRIC/ANTISYMMETRIC A/C                                      MARCH  16, 2024  MSC Nastran 12/18/18   PAGE     3
      MODAL ANALYSIS                                                                                                                
0                                                                                                                                   
0                                        C A S E    C O N T R O L    E C H O                                                        
                 COMMAND                                                                                                            
                 COUNT                                                                                                              
                  1      $                                                                                       
                  2      $ ------------------   CASE CONTROL DECK   -----------------------------                
                  3      $                                                                                       
                  4      TITLE               = GTAV2 / SYMMETRIC/ANTISYMMETRIC A/C                               
                  5      SUBTITLE            = MODAL ANALYSIS                                                    
                  6      $                                                                                       
                  7      ECHO                = NONE                                                              
                  8      SEALL               = ALL                                                               
                  9      SPC                 = 101                               $ 100 FOR S (SYM        METRIC),
                 10      MPC                 = 100                                                               
                 11      METHOD              = 200                                                               
                 12      DISPLACEMENT (PLOT) = ALL                                                               
                 13      $                                                                                       
                 14      BEGIN BULK                                                                              
1    GTAV2 / SYMMETRIC/ANTISYMMETRIC A/C                                      MARCH  16, 2024  MSC Nastran 12/18/18   PAGE     4
      MODAL ANALYSIS                                                                                                                
0                                                                                                                                   
                                        M O D E L   S U M M A R Y          BULK = 0
                                   ENTRY NAME        NUMBER OF ENTRIES
                                   ----------        -----------------
                                         CBAR                       62
                                       CELAS2                       91
                                        CONM2                       66
                                       CORD2R                        3
                                        EIGRL                        1
                                         GRID                       94
                                         MAT1                        2
                                        PARAM                        3
                                         PBAR                       52
                                         RBAR                       20
                                          SPC                       29

 ^^^     
 ^^^ >>> IFP OPERATIONS COMPLETE <<< 
 ^^^     
 *** USER INFORMATION MESSAGE 4109 (OUTPX2)
     THE LABEL IS XXXXXXXX FOR FORTRAN UNIT 12
     (MAXIMUM SIZE OF FORTRAN RECORDS WRITTEN =          7 WORDS.)
           (NUMBER OF FORTRAN RECORDS WRITTEN =          8 RECORDS.)
                (TOTAL DATA WRITTEN FOR LABEL =         17 WORDS.)
 *** USER WARNING MESSAGE 2053 (GP4)
     UNDEFINED SINGLE-POINT CONSTRAINT SET       101
     User Information:
     A single point constraint set selected in the Case Control could
     not be found on either an SPCADD, SPC or SPC1 entry, or a set referenced
     on an SPCADD entry could not be found on either an SPC or SPC1 entry.
 *** USER WARNING MESSAGE 2047 (GP4)
     UNDEFINED MULTI-POINT CONSTRAINT SET       100
     User Information:
     A multipoint constraint set selected in the Case Control could not
     be found in either an MPC or MPCADD entry or a set referenced on an
     MPCADD entry could not be found on an MPC entry.
 *** USER INFORMATION MESSAGE 4114 (OUTPX2)
     DATA BLOCK GEOM1X   WRITTEN ON FORTRAN UNIT  12 IN BINARY (LTLEND) FORMAT USING NDDL DESCRIPTION FOR GEOM168, TRL =
                    101                 0              2048                 8                 0                 0                 0
     NAME OF DATA BLOCK WRITTEN ON FORTRAN UNIT IS GEOM1   
        (MAXIMUM POSSIBLE FORTRAN RECORD SIZE =       65538 WORDS.)
     (MAXIMUM SIZE OF FORTRAN RECORDS WRITTEN =         755 WORDS.)
           (NUMBER OF FORTRAN RECORDS WRITTEN =          25 RECORDS.)
           (TOTAL DATA WRITTEN FOR DATA BLOCK =         832 WORDS.)
 *** USER INFORMATION MESSAGE 4114 (OUTPX2)
     DATA BLOCK GEOM2X   WRITTEN ON FORTRAN UNIT  12 IN BINARY (LTLEND) FORMAT USING NDDL DESCRIPTION FOR GEOM201, TRL =
                    102               514               256                 0                 0                 0                 0
     NAME OF DATA BLOCK WRITTEN ON FORTRAN UNIT IS GEOM2   
        (MAXIMUM POSSIBLE FORTRAN RECORD SIZE =       65538 WORDS.)
     (MAXIMUM SIZE OF FORTRAN RECORDS WRITTEN =         995 WORDS.)
           (NUMBER OF FORTRAN RECORDS WRITTEN =          30 RECORDS.)
           (TOTAL DATA WRITTEN FOR DATA BLOCK =        2626 WORDS.)
1    GTAV2 / SYMMETRIC/ANTISYMMETRIC A/C                                      MARCH  16, 2024  MSC Nastran 12/18/18   PAGE     5
      MODAL ANALYSIS                                                                                                                
0                                                                                                                                   
0                                                                                                                                   
                                                                                                                                    
                                                                                                                                    
 *** USER INFORMATION MESSAGE 4114 (OUTPX2)
     DATA BLOCK GEOM4X   WRITTEN ON FORTRAN UNIT  12 IN BINARY (LTLEND) FORMAT USING NDDL DESCRIPTION FOR GEOM4705, TRL =
                    104                 0                 0                 0               512             16384                 0
     NAME OF DATA BLOCK WRITTEN ON FORTRAN UNIT IS GEOM4   
        (MAXIMUM POSSIBLE FORTRAN RECORD SIZE =       65538 WORDS.)
     (MAXIMUM SIZE OF FORTRAN RECORDS WRITTEN =         143 WORDS.)
           (NUMBER OF FORTRAN RECORDS WRITTEN =          25 RECORDS.)
           (TOTAL DATA WRITTEN FOR DATA BLOCK =         297 WORDS.)
 *** USER INFORMATION MESSAGE 4114 (OUTPX2)
     DATA BLOCK EPTX     WRITTEN ON FORTRAN UNIT  12 IN BINARY (LTLEND) FORMAT USING NDDL DESCRIPTION FOR EPT01, TRL =
                    105                 0              4096                 0                 0                 0                 0
     NAME OF DATA BLOCK WRITTEN ON FORTRAN UNIT IS EPT     
        (MAXIMUM POSSIBLE FORTRAN RECORD SIZE =       65538 WORDS.)
     (MAXIMUM SIZE OF FORTRAN RECORDS WRITTEN =         991 WORDS.)
           (NUMBER OF FORTRAN RECORDS WRITTEN =          20 RECORDS.)
           (TOTAL DATA WRITTEN FOR DATA BLOCK =        1022 WORDS.)
 *** USER INFORMATION MESSAGE 4114 (OUTPX2)
     DATA BLOCK MPTS     WRITTEN ON FORTRAN UNIT  12 IN BINARY (LTLEND) FORMAT USING NDDL DESCRIPTION FOR MPT, TRL =
                    101             32768                 0                 0                 0                 0                 0
     NAME OF DATA BLOCK WRITTEN ON FORTRAN UNIT IS MPT     
        (MAXIMUM POSSIBLE FORTRAN RECORD SIZE =       65538 WORDS.)
     (MAXIMUM SIZE OF FORTRAN RECORDS WRITTEN =          27 WORDS.)
           (NUMBER OF FORTRAN RECORDS WRITTEN =          20 RECORDS.)
           (TOTAL DATA WRITTEN FOR DATA BLOCK =          58 WORDS.)
 *** USER INFORMATION MESSAGE 4114 (OUTPX2)
     DATA BLOCK DYNAMICS WRITTEN ON FORTRAN UNIT  12 IN BINARY (LTLEND) FORMAT USING NDDL DESCRIPTION FOR DYNAMICS, TRL =
                    103               256                 0                 0                 0                 0                 0
     NAME OF DATA BLOCK WRITTEN ON FORTRAN UNIT IS DYNAMICS
        (MAXIMUM POSSIBLE FORTRAN RECORD SIZE =       65538 WORDS.)
     (MAXIMUM SIZE OF FORTRAN RECORDS WRITTEN =          30 WORDS.)
           (NUMBER OF FORTRAN RECORDS WRITTEN =          20 RECORDS.)
           (TOTAL DATA WRITTEN FOR DATA BLOCK =          61 WORDS.)
1    GTAV2 / SYMMETRIC/ANTISYMMETRIC A/C                                      MARCH  16, 2024  MSC Nastran 12/18/18   PAGE     6
      MODAL ANALYSIS                                                                                                                
0                                                                                                                                   
                           O U T P U T   F R O M   G R I D   P O I N T   W E I G H T   G E N E R A T O R
0                                                     REFERENCE POINT =        0
                                                                M O
                      *  3.866870E+03  0.000000E+00  0.000000E+00  0.000000E+00  3.344870E+06 -3.614885E+06 *
                      *  0.000000E+00  3.866870E+03  0.000000E+00 -3.344870E+06  0.000000E+00  2.881096E+07 *
                      *  0.000000E+00  0.000000E+00  3.866870E+03  3.614885E+06 -2.881096E+07  0.000000E+00 *
                      *  0.000000E+00 -3.344870E+06  3.614885E+06  3.345316E+10 -3.772383E+10 -6.074971E+10 *
                      *  3.344870E+06  0.000000E+00 -2.881096E+07 -3.772383E+10  4.035971E+11 -6.980385E+09 *
                      * -3.614885E+06  2.881096E+07  0.000000E+00 -6.074971E+10 -6.980385E+09  4.045488E+11 *
                                                                 S
                                           *  1.000000E+00  0.000000E+00  0.000000E+00 *
                                           *  0.000000E+00  1.000000E+00  0.000000E+00 *
                                           *  0.000000E+00  0.000000E+00  1.000000E+00 *
                               DIRECTION
                          MASS AXIS SYSTEM (S)     MASS              X-C.G.        Y-C.G.        Z-C.G.
                                  X            3.866870E+03      0.000000E+00  9.348349E+02  8.650071E+02
                                  Y            3.866870E+03      7.450719E+03  0.000000E+00  8.650071E+02
                                  Z            3.866870E+03      7.450719E+03  9.348349E+02  0.000000E+00
                                                                I(S)
                                           *  2.718051E+10  1.079034E+10  3.582803E+10 *
                                           *  1.079034E+10  1.860414E+11  3.853484E+09 *
                                           *  3.582803E+10  3.853484E+09  1.865071E+11 *
                                                                I(Q)
                                           *  1.865189E+11                             *
                                           *                1.872342E+10               *
                                           *                              1.944867E+11 *
                                                                 Q
                                           *  1.053691E-01 -9.753873E-01  1.936930E-01 *
                                           * -9.791417E-01 -6.773547E-02  1.915553E-01 *
                                           * -1.737208E-01 -2.098369E-01 -9.621796E-01 *

1    GTAV2 / SYMMETRIC/ANTISYMMETRIC A/C                                      MARCH  16, 2024  MSC Nastran 12/18/18   PAGE     7
      MODAL ANALYSIS                                                                                                                
0                                                                                                                                   
1    GTAV2 / SYMMETRIC/ANTISYMMETRIC A/C                                      MARCH  16, 2024  MSC Nastran 12/18/18   PAGE     8
      MODAL ANALYSIS                                                                                                                
0                                                                                                                                   
0 RESULTANTS ABOUT ORIGIN OF SUPERELEMENT BASIC COORDINATE SYSTEM IN SUPERELEMENT BASIC SYSTEM COORDINATES.

0                                                  OLOAD    RESULTANT       
  SUBCASE/    LOAD
  DAREA ID    TYPE       T1            T2            T3            R1            R2            R3
0        1     FX    0.000000E+00     ----          ----          ----       0.000000E+00  0.000000E+00                             
               FY       ----       0.000000E+00     ----       0.000000E+00     ----       0.000000E+00                             
               FZ       ----          ----       0.000000E+00  0.000000E+00  0.000000E+00     ----                                  
               MX       ----          ----          ----       0.000000E+00     ----          ----                                  
               MY       ----          ----          ----          ----       0.000000E+00     ----                                  
               MZ       ----          ----          ----          ----          ----       0.000000E+00                             
             TOTALS  0.000000E+00  0.000000E+00  0.000000E+00  0.000000E+00  0.000000E+00  0.000000E+00
 *** USER INFORMATION MESSAGE 5010 (LNCILS)
     STURM SEQUENCE DATA FOR EIGENVALUE EXTRACTION.
     TRIAL EIGENVALUE = 9.869604D+04, CYCLES = 5.000000D+01 THE STURM COUNT = 21
 *** USER INFORMATION MESSAGE 5010 (LNCILS)
     STURM SEQUENCE DATA FOR EIGENVALUE EXTRACTION.
     TRIAL EIGENVALUE = -2.722538D+03, CYCLES = 8.304377D+00 THE STURM COUNT = 0

 TABLE OF SHIFTS:  (LNNRIGL)
 SHIFT #        SHIFT VALUE         FREQUENCY, CYCLES     # EIGENVALUES BELOW    # NEW EIGENVALUES FOUND
     1.        9.8696044E+04          5.0000000E+01                21                        0
     2.       -2.7225377E+03         -8.3043775E+00                 0                       21

1    GTAV2 / SYMMETRIC/ANTISYMMETRIC A/C                                      MARCH  16, 2024  MSC Nastran 12/18/18   PAGE     9
      MODAL ANALYSIS                                                                                                                
0                                                                                                                                   
0


                          E I G E N V A L U E  A N A L Y S I S   S U M M A R Y   (READ MODULE) 



                                     BLOCK SIZE USED ......................     7

                                     NUMBER OF DECOMPOSITIONS .............     2

                                     NUMBER OF ROOTS FOUND ................    21

                                     NUMBER OF SOLVES REQUIRED ............     9

1    GTAV2 / SYMMETRIC/ANTISYMMETRIC A/C                                      MARCH  16, 2024  MSC Nastran 12/18/18   PAGE    10
      MODAL ANALYSIS                                                                                                                
0                                                                                                                                   
 
                                              R E A L   E I G E N V A L U E S
   MODE    EXTRACTION      EIGENVALUE            RADIANS             CYCLES            GENERALIZED         GENERALIZED
    NO.       ORDER                                                                       MASS              STIFFNESS
        1         1       -3.524133E-04        1.877268E-02        2.987764E-03        2.540675E-01       -8.953677E-05
        2         2       -1.586648E-05        3.983276E-03        6.339580E-04        2.064901E+00       -3.276273E-05
        3         3       -1.244489E-05        3.527731E-03        5.614559E-04        2.404519E+00       -2.992397E-05
        4         4       -3.193717E-06        1.787098E-03        2.844254E-04        1.877337E+00       -5.995684E-06
        5         5       -1.430903E-06        1.196203E-03        1.903817E-04        7.430999E-01       -1.063303E-06
        6         6       -3.940509E-07        6.277347E-04        9.990708E-05        2.990271E+00       -1.178319E-06
        7         7        1.454615E+03        3.813941E+01        6.070076E+00        1.513484E-01        2.201537E+02
        8         8        3.552105E+03        5.959954E+01        9.485561E+00        1.776921E-01        6.311808E+02
        9         9        5.090896E+03        7.135051E+01        1.135579E+01        2.508198E-01        1.276897E+03
       10        10        6.722123E+03        8.198855E+01        1.304888E+01        1.032771E-01        6.942415E+02
       11        11        9.798910E+03        9.898945E+01        1.575466E+01        3.849814E-02        3.772398E+02
       12        12        1.122397E+04        1.059433E+02        1.686139E+01        2.871098E-01        3.222514E+03
       13        13        1.492758E+04        1.221785E+02        1.944531E+01        2.413342E-02        3.602535E+02
       14        14        1.643482E+04        1.281984E+02        2.040340E+01        9.869911E-02        1.622102E+03
       15        15        2.049693E+04        1.431675E+02        2.278581E+01        4.167338E-02        8.541762E+02
       16        16        3.696892E+04        1.922730E+02        3.060121E+01        1.321865E-01        4.886791E+03
       17        17        4.009274E+04        2.002317E+02        3.186787E+01        3.260376E-02        1.307174E+03
       18        18        4.812681E+04        2.193782E+02        3.491513E+01        1.578189E-01        7.595319E+03
       19        19        6.102669E+04        2.470358E+02        3.931697E+01        1.040384E-01        6.349119E+03
       20        20        7.921850E+04        2.814578E+02        4.479540E+01        5.271638E-01        4.176113E+04
       21        21        9.044336E+04        3.007380E+02        4.786394E+01        2.121827E-01        1.919052E+04
*** User Information: Select OptionX for OUTPUT2 Datablock OUG1    
 *** USER INFORMATION MESSAGE 4114 (OUTPX2)
     DATA BLOCK OUG1     WRITTEN ON FORTRAN UNIT  12 IN BINARY (LTLEND) FORMAT USING NDDL DESCRIPTION FOR OUG1, TRL =
                    101                 0             15792                 0                 0                 0                 2
     NAME OF DATA BLOCK WRITTEN ON FORTRAN UNIT IS OUG1    
        (MAXIMUM POSSIBLE FORTRAN RECORD SIZE =       65538 WORDS.)
     (MAXIMUM SIZE OF FORTRAN RECORDS WRITTEN =         752 WORDS.)
           (NUMBER OF FORTRAN RECORDS WRITTEN =         220 RECORDS.)
           (TOTAL DATA WRITTEN FOR DATA BLOCK =       19051 WORDS.)
 *** USER INFORMATION MESSAGE 4110 (OUTPX2)
                                 END-OF-DATA SIMULATION ON FORTRAN UNIT 12
                                 (MAXIMUM SIZE OF FORTRAN RECORDS WRITTEN =      1 WORDS.)
                                       (NUMBER OF FORTRAN RECORDS WRITTEN =      1 RECORDS.)
                                       (TOTAL DATA WRITTEN FOR EOF MARKER =      1 WORDS.)
1    GTAV2 / SYMMETRIC/ANTISYMMETRIC A/C                                      MARCH  16, 2024  MSC Nastran 12/18/18   PAGE    11
      MODAL ANALYSIS                                                                                                                
0                                                                                                                                   
 * * * *  D B D I C T   P R I N T  * * * *      SUBDMAP = PRTSUM  ,  DMAP STATEMENT NO.     71



0                                   * * * *  A N A L Y S I S  S U M M A R Y  T A B L E  * * * *
0 SEID  PEID PROJ VERS APRCH      SEMG SEMR SEKR SELG SELR MODES DYNRED SOLLIN PVALID SOLNL LOOPID DESIGN CYCLE SENSITIVITY
 --------------------------------------------------------------------------------------------------------------------------
     0     0    1    1 '        '    T    T    T    T    T     T      F      T      0     F     -1            0           F
0SEID = SUPERELEMENT ID.
 PEID = PRIMARY SUPERELEMENT ID OF IMAGE SUPERELEMENT.
 PROJ = PROJECT ID NUMBER.
 VERS = VERSION ID.
 APRCH = BLANK FOR STRUCTURAL ANALYSIS.  HEAT FOR HEAT TRANSFER ANALYSIS.
 SEMG = STIFFNESS AND MASS MATRIX GENERATION STEP.
 SEMR = MASS MATRIX REDUCTION STEP (INCLUDES EIGENVALUE SOLUTION FOR MODES).
 SEKR = STIFFNESS MATRIX REDUCTION STEP.
 SELG = LOAD MATRIX GENERATION STEP.
 SELR = LOAD MATRIX REDUCTION STEP. 
 MODES = T (TRUE) IF NORMAL MODES OR BUCKLING MODES CALCULATED.
 DYNRED = T (TRUE) MEANS GENERALIZED DYNAMIC AND/OR COMPONENT MODE REDUCTION PERFORMED.
 SOLLIN = T (TRUE) IF LINEAR SOLUTION EXISTS IN DATABASE.
 PVALID = P-DISTRIBUTION ID OF P-VALUE FOR P-ELEMENTS
 LOOPID = THE LAST LOOPID VALUE USED IN THE NONLINEAR ANALYSIS.  USEFUL FOR RESTARTS.
 SOLNL = T (TRUE) IF NONLINEAR SOLUTION EXISTS IN DATABASE.
 DESIGN CYCLE = THE LAST DESIGN CYCLE (ONLY VALID IN OPTIMIZATION).
 SENSITIVITY = SENSITIVITY MATRIX GENERATION FLAG.
 
 No PARAM values were set in the Control File.
 
1                                        * * * END OF JOB * * *
 
 
 No Symbolic Replacement variables or values were specified.

