1
 
 
 
 
                      Warning: This computer program is protected by copyright law and international treaties.       
                  Unauthorized use, reproduction or distribution of this computer program, or any portion of it, may 
                                          result in severe civil and criminal penalties.                             
                         Copyright (C) 2018 MSC Software Corporation and its licensors. All rights reserved.         
 
 
                                              * * * * * * * * * * * * * * * * * * * *
                                              * * * * * * * * * * * * * * * * * * * *
                                              * *                                 * *
                                              * *           MSC Software          * *
                                              * *               CORP              * *
                                              * *                                 * *
                                              * *      M S C   N a s t r a n      * *
                                              * *                                 * *
                                              * *                                 * *
                                              * *                                 * *
                                              * *     Version 2019.0.0-CL621679   * *
                                              * *                                 * *
                                              * *                                 * *
                                              * *                                 * *
                                              * *          DEC 18, 2018           * *
                                              * *                                 * *
                                              * *              Intel              * *
                                              * *  MODEL Xeon/2173 (EPSW10v3130)  * *
                                              * *  Windows 10 Education 6.2 9200  * *
                                              * * Compiled for 8664 (SINGLE Mode) * *
                                              * *                                 * *
                                              * * * * * * * * * * * * * * * * * * * *
                                              * * * * * * * * * * * * * * * * * * * *
1News file - (November 7, 2018)
  
               Welcome to MSC Nastran 2019.0
  
  
   MSC Nastran brings powerful new features and enhancements for engineering
   solutions.
  
     Dynamics
     -  RFORCE and GRAV loads can now be optionally applied to a subset of
        the model
  
     SOL 128 (Nonlinear Harmonics) Rotordynamics Enhancements
     -  Option to reset initial conditions
     -  Nonlinear load output
     -  Output for multiple harmonics
     -  Support for continuation procedure for frequency-independent analysis
  
     Pyramid Element
     -  The linear and quadratic pyramid element is available in linear
        solutions: statics, modes, buckling, frequency and transient dynamics,
        linear contact, acoustics, fatigue, rotordynamics, aeroelasticity and
        design optimization
     -  The element is also available in SOL 400 for linear, nlstatics,
        nltransient and linear perturbation solutions
  
     Assembly
     -  Module Instantiation:  Allow copy of a primary Module to create
        a secondary Module at a new position by translation, rotation and mirror
  
     Contact
     -  Support geometry adjustment of initial stress free in S2S Contact
     -  Support model check output in S2S Contact
     -  Allow user input minimum angle between segments on BCPARA
  
     SOL 400 Implicit Nonlinear Analysis
     -  Support Automatic SGLUE setup for permanent glued contact with large
        deformation
     -  Reduce the debug output when using "NLOPRM NLDBG(N3DSUM)"
     -  Support MONPNT1, MONPNT3, MONSUM, MONSUM1, and MONSUMT in NLSTAT
        and NLTRAN
  
     SOL 700 Explicit Nonlinear Analysis
     -  Support failure of ACS surface and DMP of ACS algorithm
     -  Support Occupant Safety, including Articulated Total Body (ATB),
        Initial Metric Method (IMM) and Air bag fabric material model (MATFAB)
     -  Support Viscoelastic Material (MATVE), Localized Cohesive friction, and
        User Defined Services (UDS)
  
     High Performance Computing (HPC)
1    -  Improved performance and scalability of acoustic coupling reduction
        with ACMS for large models
     -  Improved performance for ACMS Phase 1 for large solid models
     -  Improved performance (up to 10X) in the RANDOM module
     -  New DMP implementation for Panel Participation factor calculation
        (PFCALC) with linear parallel scaling
     -  Performance enhancements for FASTFR through shared-memory
        parallelization (SMP) of frequency processing
  
  
     Results HDF5 Database
     -  Support outputs of Aerodynamic solution SOL144, 145 and 146 results
     -  Support Modal effective  mass, Modules,  Contact Check and
        Global contact body data
     -  Support Bar/Beam end loads under the shear stress effect of 2D elements
  
  
     Documentation
     The complete documentation set is provided in a separate installer and
     when installed is available at: MSC_DOC_DIR/doc/pdf_nastran directory.
     Where MSC_DOC_DIR is the directory where documentation was installed
     This help set has cross references between documents, links to how-to
     videos, and example files.
  
     Individual MSC Nastran documents are available for download from the
       Simcompanion Website at:
       http://simcompanion.mscsoftware.com/
  
     These documents were updated for the MSC Nastran 2019 Release
  
         1.  MSC Nastran 2019.0 Installation and Operations Guide
         2.  MSC Nastran 2019.0 Quick Reference Guide
         3.  MSC Nastran 2019.0 Release Guide
         4.  MSC Nastran 2019.0 Linear Statics Analysis User's Guide
         5.  MSC Nastran 2019.0 Dynamic Analysis User's Guide
         6.  MSC Nastran 2019.0 Superelements User's Guide
         7.  MSC Nastran 2019.0 Rotordynamics User's Guide
         8.  MSC Nastran 2019.0 Demonstration Problems Manual
         9.  MSC Nastran 2019.0 Nastran Embedded Fatigue User's Guide
        10.  MSC Nastran 2019.0 Design Sensitivity and Optimization
        11.  MSC Nastran 2019.0 Nonlinear User's Guide SOL 400
        12.  MSC Nastran 2019.0 DMAP Programmer's Guide
        13.  MSC Nastran 2019.0 High Performance Computing User's Guide
        14.  MSC Nastran 2019.0 DEMATD Guide
        15.  MSC Nastran 2019.0 Explicit Nonlinear (SOL 700) User's Guide
  
   Please refer to  MSC_DOC_DIR/doc/pdf_nastran/nastran_library.pdf
   for the complete document set:
  
  
1  Additional information about the release can be found at the MSC Nastran
   Product Support page: http://simcompanion.mscsoftware.com
  
   The support page provides links to these valuable information:
      * A searchable Knowledge Base containing examples and answers to thousands
        of frequently asked questions written by MSC Software subject-matter
        experts.
      * Peer-to-peer Discussion Forums enabling you to post questions for your
        MSC Software products and receive answers from other users worldwide.
      * A list of known issues with the product and any workarounds.
      * Instructions on how to contact technical support
      * A mechanism for sending us product feedback or enhancement requests.
      * Hardware and software requirements.
      * Examples and Tutorials
      * and much more.
  
   For information on training, please visit our Training web site
  
      http://www.mscsoftware.com/Contents/Services/Training/
  
1                                                                             MARCH   9, 2024  MSC Nastran 12/18/18   PAGE     1
                                                                                                                                    
0        N A S T R A N    F I L E    A N D    S Y S T E M    P A R A M E T E R    E C H O                                           
0                                                                                                                                   
                                                                                                                                    
                                                                                                                                    
     $ SYSFIELD=SCR*(RAW=YES,BUFFIO=YES,WNUM=16,WSIZE=16MB) $(C:/MSC.SOFTWARE/MSC_NAS
     $ SYSFIELD=DBALL(RAW=YES,BUFFIO=YES,WNUM=16,WSIZE=16MB) $(C:/MSC.SOFTWARE/MSC_NA
     NASTRAN BUFFSIZE=32769 $(C:/MSC.SOFTWARE/MSC_NASTRAN/20190/CONF/NAST20190.RCF[6]
     $===============================================================================
     $                                                                               
     $  SOL 103 - REAL EIGENVALUE ANALYSIS.                                          
     $  DETEMINATION OF THE NATURAL FREQUENCIES AND MODE SHAPE OF THE MODEL WITH DAMP
     $                                                                               
     $                                                                               
     $===============================================================================
     $                                                                               
     $ ----------------------------- EXECUTIVE CONTROL DECK ------------------------ 
     $                                                                               
1                                                                             MARCH   9, 2024  MSC Nastran 12/18/18   PAGE     2
                                                                                                                                    
0        N A S T R A N    E X E C U T I V E    C O N T R O L    E C H O                                                             
0                                                                                                                                   
                                                                                                                                    
                                                                                                                                    
     SOL 103                        $ REAL EIGENVALUE SOLUTION                               
     TIME 5                         $ EIGENVALUES REQUIRE LARGER TIME LIMITS                 
     CEND                                                                                    
1    RESOLUTION OF TASK_1                                                     MARCH   9, 2024  MSC Nastran 12/18/18   PAGE     3
      RESONANCE FREQUENCIES                                                                                                         
0     ONE-DOF SPRING/MASS SYSTEM                                                                                                    
0                                        C A S E    C O N T R O L    E C H O                                                        
                 COMMAND                                                                                                            
                 COUNT                                                                                                              
                  1      $                                                                                       
                  2      $ ----------------------------- CASE CONTROL DECK ----------------------        ------  
                  3      $                                                                                       
                  4      TITLE        = RESOLUTION OF TASK_1                                                     
                  5      SUBTITLE     = RESONANCE FREQUENCIES                                                    
                  6      LABEL        = ONE-DOF SPRING/MASS SYSTEM                                               
                  7      $                                                                                       
                  8      SPC          = 1000                $ CALL SINGLE-POINT CONSTRAINT (SPC)                 
                  9      METHOD       = 2000                $ CALL EIGENVALUE EXTRACTION METHOD I        N ORDER 
                 10      DISPLACEMENT = ALL                 $ PRINT MODAL SHAPE                                  
                 11      $                                                                                       
                 12      $                                                                                       
                 13      ECHO         = BOTH                                                                     
                 14      AUTOSPC      = NO                                                                       
                 15      RESVEC       = NO              $ OPTION FOR CALCULATION OF RESIDUAL VECT        ORS.    
                 16      $                                                                                       
                 17      $ ----------------------------- BULK DATA DECK -------------------------        ------  
                 18      $                                                                                       
                 19      BEGIN BULK                                                                              
1    RESOLUTION OF TASK_1                                                     MARCH   9, 2024  MSC Nastran 12/18/18   PAGE     4
      RESONANCE FREQUENCIES                                                                                                         
0     ONE-DOF SPRING/MASS SYSTEM                                                                                                    
                                              I N P U T   B U L K   D A T A   E C H O                                               
                 ENTRY                                                                                                              
                 COUNT        .   1  ..   2  ..   3  ..   4  ..   5  ..   6  ..   7  ..   8  ..   9  ..  10  .                      
                   33-        $
                   34-        $ Print mass properties table
                   35-        $--1--->---2--->---3--->---4--->---5--->---6--->---7--->---8--->---9--->---10-->
                   36-        PARAM   GRDPNT  0
                   37-        $
                   38-        $ Create XDB output file
                   39-        $--1--->---2--->---3--->---4--->---5--->---6--->---7--->---8--->---9--->---10-->
                   40-        PARAM   POST    0
                   42-        $ Definition of geometric grid Point
                   43-        $--1--->---2--->---3--->---4--->---5--->---6--->---7--->---8--->---9--->---10-->
                   44-        $GRID     ID              X1      X2      X3
                   45-        GRID     1001              0.      0.      0.
                   46-        GRID     1002              0.      0.      0.
                   48-        $ Definition of concentrated mass at a grid point
                   49-        $--1--->---2--->---3--->---4--->---5--->---6--->---7--->---8--->---9--->---10-->
                   50-        $CONM2    EID      G      CID      M       X1      X2     X3
                   51-        $         I11     I21     I22     I31     I32     I33
                   52-        CONM2     1011    1001   -1       1.0     0.      0.     0.
                   53-        +         0.      0.      0.      0.      0.      0.
                   55-        $ Definition of scalar spring element
                   56-        $--1--->---2--->---3--->---4--->---5--->---6--->---7--->---8--->---9--->---10-->
                   57-        $CELAS2   EID     K       G1      C1      G2      C2
                   58-        CELAS2    1001  3947.84   1001    3       1002    3
                   60-        $ Definition of a set of single-point constrains
                   61-        $--1--->---2--->---3--->---4--->---5--->---6--->---7--->---8--->---9--->---10-->
                   62-        $SPC     SID      G1      C1
                   63-        SPC      1000     1001   12456
                   64-        SPC      1000     1002   123456
                   66-        $ Definition of Lanczos method to obtain eigenvalues
                   67-        $--1--->---2--->---3--->---4--->---5--->---6--->---7--->---8--->---9--->---10-->
                   68-        $EIGRL    SID                     ND                             NORM
                   69-        EIGRL    2000                      1                              MAX
                   70-        $
1    RESOLUTION OF TASK_1                                                     MARCH   9, 2024  MSC Nastran 12/18/18   PAGE     5
      RESONANCE FREQUENCIES                                                                                                         
0     ONE-DOF SPRING/MASS SYSTEM                                                                                                    
                                                  S O R T E D   B U L K   D A T A   E C H O                                         
                 ENTRY                                                                                                              
                 COUNT        .   1  ..   2  ..   3  ..   4  ..   5  ..   6  ..   7  ..   8  ..   9  ..  10  .                      
                    1-        CELAS2  1001    3947.84 1001    3       1002    3
                    2-        CONM2   1011    1001    -1      1.      0.      0.      0.              +
                    3-        +       0.      0.      0.      0.      0.      0.
                    4-        EIGRL   2000                    1                               MAX
                    5-        GRID    1001            0.      0.      0.
                    6-        GRID    1002            0.      0.      0.
                    7-        PARAM   GRDPNT  0
                    8-        PARAM   POST    0
                    9-        SPC     1000    1001    12456
                   10-        SPC     1000    1002    123456
                              ENDDATA
                        TOTAL COUNT= 11
                              INPUT BULK DATA ENTRY COUNT = 16
1    RESOLUTION OF TASK_1                                                     MARCH   9, 2024  MSC Nastran 12/18/18   PAGE     6
      RESONANCE FREQUENCIES                                                                                                         
0     ONE-DOF SPRING/MASS SYSTEM                                                                                                    
                                        M O D E L   S U M M A R Y          BULK = 0
                                   ENTRY NAME        NUMBER OF ENTRIES
                                   ----------        -----------------
                                       CELAS2                        1
                                        CONM2                        1
                                        EIGRL                        1
                                         GRID                        2
                                        PARAM                        2
                                          SPC                        2

 ^^^     
 ^^^ >>> IFP OPERATIONS COMPLETE <<< 
 ^^^     
1    RESOLUTION OF TASK_1                                                     MARCH   9, 2024  MSC Nastran 12/18/18   PAGE     7
      RESONANCE FREQUENCIES                                                                                                         
0                                                                                                                                   
                           O U T P U T   F R O M   G R I D   P O I N T   W E I G H T   G E N E R A T O R
0                                                     REFERENCE POINT =        0
                                                                M O
                      *  1.000000E+00  0.000000E+00  0.000000E+00  0.000000E+00  0.000000E+00  0.000000E+00 *
                      *  0.000000E+00  1.000000E+00  0.000000E+00  0.000000E+00  0.000000E+00  0.000000E+00 *
                      *  0.000000E+00  0.000000E+00  1.000000E+00  0.000000E+00  0.000000E+00  0.000000E+00 *
                      *  0.000000E+00  0.000000E+00  0.000000E+00  0.000000E+00  0.000000E+00  0.000000E+00 *
                      *  0.000000E+00  0.000000E+00  0.000000E+00  0.000000E+00  0.000000E+00  0.000000E+00 *
                      *  0.000000E+00  0.000000E+00  0.000000E+00  0.000000E+00  0.000000E+00  0.000000E+00 *
                                                                 S
                                           *  1.000000E+00  0.000000E+00  0.000000E+00 *
                                           *  0.000000E+00  1.000000E+00  0.000000E+00 *
                                           *  0.000000E+00  0.000000E+00  1.000000E+00 *
                               DIRECTION
                          MASS AXIS SYSTEM (S)     MASS              X-C.G.        Y-C.G.        Z-C.G.
                                  X            1.000000E+00      0.000000E+00  0.000000E+00  0.000000E+00
                                  Y            1.000000E+00      0.000000E+00  0.000000E+00  0.000000E+00
                                  Z            1.000000E+00      0.000000E+00  0.000000E+00  0.000000E+00
                                                                I(S)
                                           *  0.000000E+00  0.000000E+00  0.000000E+00 *
                                           *  0.000000E+00  0.000000E+00  0.000000E+00 *
                                           *  0.000000E+00  0.000000E+00  0.000000E+00 *
                                                                I(Q)
                                           *  0.000000E+00                             *
                                           *                0.000000E+00               *
                                           *                              0.000000E+00 *
                                                                 Q
                                           *  1.000000E+00  0.000000E+00  0.000000E+00 *
                                           *  0.000000E+00  1.000000E+00  0.000000E+00 *
                                           *  0.000000E+00  0.000000E+00  1.000000E+00 *

1    RESOLUTION OF TASK_1                                                     MARCH   9, 2024  MSC Nastran 12/18/18   PAGE     8
      RESONANCE FREQUENCIES                                                                                                         
0                                                                                                                                   
 *** USER INFORMATION MESSAGE 5458 (REIG)
     QL HOUSEHOLDER METHOD IS AUTOMATICALLY SELECTED .
1    RESOLUTION OF TASK_1                                                     MARCH   9, 2024  MSC Nastran 12/18/18   PAGE     9
      RESONANCE FREQUENCIES                                                                                                         
0     ONE-DOF SPRING/MASS SYSTEM                                                                                                    
 
                                              R E A L   E I G E N V A L U E S
   MODE    EXTRACTION      EIGENVALUE            RADIANS             CYCLES            GENERALIZED         GENERALIZED
    NO.       ORDER                                                                       MASS              STIFFNESS
        1         1        3.947840E+03        6.283184E+01        9.999998E+00        1.000000E+00        3.947840E+03
1    RESOLUTION OF TASK_1                                                     MARCH   9, 2024  MSC Nastran 12/18/18   PAGE    10
      RESONANCE FREQUENCIES                                                                                                         
0     ONE-DOF SPRING/MASS SYSTEM                                                                                                    
      EIGENVALUE =  3.947840E+03
          CYCLES =  9.999998E+00         R E A L   E I G E N V E C T O R   N O .          1
 
      POINT ID.   TYPE          T1             T2             T3             R1             R2             R3
          1001      G      0.0            0.0            1.000000E+00   0.0            0.0            0.0
          1002      G      0.0            0.0            0.0            0.0            0.0            0.0
1    RESOLUTION OF TASK_1                                                     MARCH   9, 2024  MSC Nastran 12/18/18   PAGE    11
      RESONANCE FREQUENCIES                                                                                                         
0     ONE-DOF SPRING/MASS SYSTEM                                                                                                    
 * * * *  D B D I C T   P R I N T  * * * *      SUBDMAP = PRTSUM  ,  DMAP STATEMENT NO.     71



0                                   * * * *  A N A L Y S I S  S U M M A R Y  T A B L E  * * * *
0 SEID  PEID PROJ VERS APRCH      SEMG SEMR SEKR SELG SELR MODES DYNRED SOLLIN PVALID SOLNL LOOPID DESIGN CYCLE SENSITIVITY
 --------------------------------------------------------------------------------------------------------------------------
     0     0    1    1 '        '    T    T    T    F    F     T      F      T      0     F     -1            0           F
0SEID = SUPERELEMENT ID.
 PEID = PRIMARY SUPERELEMENT ID OF IMAGE SUPERELEMENT.
 PROJ = PROJECT ID NUMBER.
 VERS = VERSION ID.
 APRCH = BLANK FOR STRUCTURAL ANALYSIS.  HEAT FOR HEAT TRANSFER ANALYSIS.
 SEMG = STIFFNESS AND MASS MATRIX GENERATION STEP.
 SEMR = MASS MATRIX REDUCTION STEP (INCLUDES EIGENVALUE SOLUTION FOR MODES).
 SEKR = STIFFNESS MATRIX REDUCTION STEP.
 SELG = LOAD MATRIX GENERATION STEP.
 SELR = LOAD MATRIX REDUCTION STEP. 
 MODES = T (TRUE) IF NORMAL MODES OR BUCKLING MODES CALCULATED.
 DYNRED = T (TRUE) MEANS GENERALIZED DYNAMIC AND/OR COMPONENT MODE REDUCTION PERFORMED.
 SOLLIN = T (TRUE) IF LINEAR SOLUTION EXISTS IN DATABASE.
 PVALID = P-DISTRIBUTION ID OF P-VALUE FOR P-ELEMENTS
 LOOPID = THE LAST LOOPID VALUE USED IN THE NONLINEAR ANALYSIS.  USEFUL FOR RESTARTS.
 SOLNL = T (TRUE) IF NONLINEAR SOLUTION EXISTS IN DATABASE.
 DESIGN CYCLE = THE LAST DESIGN CYCLE (ONLY VALID IN OPTIMIZATION).
 SENSITIVITY = SENSITIVITY MATRIX GENERATION FLAG.
 
 No PARAM values were set in the Control File.
 
1                                        * * * END OF JOB * * *
 
 
 No Symbolic Replacement variables or values were specified.

